# JRE version: OpenJDK Runtime Environment (11.0.10) (build 11.0.10+0-b96-7249189)
# Java VM: OpenJDK 64-Bit Server VM (11.0.10+0-b96-7249189, mixed mode, tiered, compressed oops, g1 gc, windows-amd64)
Heap:
 garbage-first heap   total 631808K, used 220030K [0x0000000080000000, 0x0000000100000000)
  region size 1024K, 2 young (2048K), 2 survivors (2048K)
 Metaspace       used 129260K, capacity 133239K, committed 133504K, reserved 1165312K
  class space    used 16127K, capacity 17482K, committed 17536K, reserved 1048576K
GC Heap History (20 events):
Event: 8973.021 GC heap after
{Heap after GC invocations=102 (full 0):
 garbage-first heap   total 282624K, used 121455K [0x0000000080000000, 0x0000000100000000)
  region size 1024K, 4 young (4096K), 4 survivors (4096K)
 Metaspace       used 120801K, capacity 124188K, committed 124928K, reserved 1159168K
  class space    used 14807K, capacity 15960K, committed 16128K, reserved 1048576K
}
Event: 8973.540 GC heap before
{Heap before GC invocations=103 (full 0):
 garbage-first heap   total 282624K, used 198255K [0x0000000080000000, 0x0000000100000000)
  region size 1024K, 80 young (81920K), 4 survivors (4096K)
 Metaspace       used 121813K, capacity 125224K, committed 125824K, reserved 1159168K
  class space    used 14936K, capacity 16088K, committed 16256K, reserved 1048576K
}
Event: 8973.550 GC heap after
{Heap after GC invocations=104 (full 0):
 garbage-first heap   total 282624K, used 126404K [0x0000000080000000, 0x0000000100000000)
  region size 1024K, 9 young (9216K), 9 survivors (9216K)
 Metaspace       used 121813K, capacity 125224K, committed 125824K, reserved 1159168K
  class space    used 14936K, capacity 16088K, committed 16256K, reserved 1048576K
}
Event: 8973.568 GC heap before
{Heap before GC invocations=104 (full 0):
 garbage-first heap   total 282624K, used 130500K [0x0000000080000000, 0x0000000100000000)
  region size 1024K, 13 young (13312K), 9 survivors (9216K)
 Metaspace       used 121817K, capacity 125225K, committed 125824K, reserved 1159168K
  class space    used 14936K, capacity 16088K, committed 16256K, reserved 1048576K
}
Event: 8973.581 GC heap after
{Heap after GC invocations=105 (full 0):
 garbage-first heap   total 339968K, used 120852K [0x0000000080000000, 0x0000000100000000)
  region size 1024K, 2 young (2048K), 2 survivors (2048K)
 Metaspace       used 121817K, capacity 125225K, committed 125824K, reserved 1159168K
  class space    used 14936K, capacity 16088K, committed 16256K, reserved 1048576K
}
Event: 8973.744 GC heap before
{Heap before GC invocations=105 (full 0):
 garbage-first heap   total 339968K, used 140308K [0x0000000080000000, 0x0000000100000000)
  region size 1024K, 22 young (22528K), 2 survivors (2048K)
 Metaspace       used 122115K, capacity 125588K, committed 126080K, reserved 1159168K
  class space    used 14970K, capacity 16161K, committed 16256K, reserved 1048576K
}
Event: 8973.755 GC heap after
{Heap after GC invocations=106 (full 0):
 garbage-first heap   total 339968K, used 122350K [0x0000000080000000, 0x0000000100000000)
  region size 1024K, 3 young (3072K), 3 survivors (3072K)
 Metaspace       used 122115K, capacity 125588K, committed 126080K, reserved 1159168K
  class space    used 14970K, capacity 16161K, committed 16256K, reserved 1048576K
}
Event: 8974.165 GC heap before
{Heap before GC invocations=107 (full 0):
 garbage-first heap   total 339968K, used 180718K [0x0000000080000000, 0x0000000100000000)
  region size 1024K, 56 young (57344K), 3 survivors (3072K)
 Metaspace       used 122978K, capacity 126444K, committed 126976K, reserved 1159168K
  class space    used 15104K, capacity 16297K, committed 16384K, reserved 1048576K
}
Event: 8974.176 GC heap after
{Heap after GC invocations=108 (full 0):
 garbage-first heap   total 339968K, used 138576K [0x0000000080000000, 0x0000000100000000)
  region size 1024K, 13 young (13312K), 13 survivors (13312K)
 Metaspace       used 122978K, capacity 126444K, committed 126976K, reserved 1159168K
  class space    used 15104K, capacity 16297K, committed 16384K, reserved 1048576K
}
Event: 8974.617 GC heap before
{Heap before GC invocations=109 (full 0):
 garbage-first heap   total 339968K, used 242000K [0x0000000080000000, 0x0000000100000000)
  region size 1024K, 103 young (105472K), 13 survivors (13312K)
 Metaspace       used 124190K, capacity 127800K, committed 128128K, reserved 1161216K
  class space    used 15255K, capacity 16478K, committed 16512K, reserved 1048576K
}
Event: 8974.643 GC heap after
{Heap after GC invocations=110 (full 0):
 garbage-first heap   total 339968K, used 163861K [0x0000000080000000, 0x0000000100000000)
  region size 1024K, 13 young (13312K), 13 survivors (13312K)
 Metaspace       used 124190K, capacity 127800K, committed 128128K, reserved 1161216K
  class space    used 15255K, capacity 16478K, committed 16512K, reserved 1048576K
}
Event: 8974.669 GC heap before
{Heap before GC invocations=110 (full 0):
 garbage-first heap   total 339968K, used 172053K [0x0000000080000000, 0x0000000100000000)
  region size 1024K, 22 young (22528K), 13 survivors (13312K)
 Metaspace       used 124196K, capacity 127800K, committed 128128K, reserved 1161216K
  class space    used 15255K, capacity 16478K, committed 16512K, reserved 1048576K
}
Event: 8974.691 GC heap after
{Heap after GC invocations=111 (full 0):
 garbage-first heap   total 414720K, used 166275K [0x0000000080000000, 0x0000000100000000)
  region size 1024K, 3 young (3072K), 3 survivors (3072K)
 Metaspace       used 124196K, capacity 127800K, committed 128128K, reserved 1161216K
  class space    used 15255K, capacity 16478K, committed 16512K, reserved 1048576K
}
Event: 8975.416 GC heap before
{Heap before GC invocations=112 (full 0):
 garbage-first heap   total 414720K, used 257411K [0x0000000080000000, 0x0000000100000000)
  region size 1024K, 88 young (90112K), 3 survivors (3072K)
 Metaspace       used 126487K, capacity 130134K, committed 130176K, reserved 1163264K
  class space    used 15737K, capacity 16998K, committed 17024K, reserved 1048576K
}
Event: 8975.457 GC heap after
{Heap after GC invocations=113 (full 0):
 garbage-first heap   total 414720K, used 205824K [0x0000000080000000, 0x0000000100000000)
  region size 1024K, 11 young (11264K), 11 survivors (11264K)
 Metaspace       used 126487K, capacity 130134K, committed 130176K, reserved 1163264K
  class space    used 15737K, capacity 16998K, committed 17024K, reserved 1048576K
}
Event: 8976.173 GC heap before
{Heap before GC invocations=113 (full 0):
 garbage-first heap   total 414720K, used 279552K [0x0000000080000000, 0x0000000100000000)
  region size 1024K, 83 young (84992K), 11 survivors (11264K)
 Metaspace       used 128594K, capacity 132509K, committed 132736K, reserved 1165312K
  class space    used 16054K, capacity 17419K, committed 17536K, reserved 1048576K
}
Event: 8976.218 GC heap after
{Heap after GC invocations=114 (full 0):
 garbage-first heap   total 414720K, used 222208K [0x0000000080000000, 0x0000000100000000)
  region size 1024K, 11 young (11264K), 11 survivors (11264K)
 Metaspace       used 128594K, capacity 132509K, committed 132736K, reserved 1165312K
  class space    used 16054K, capacity 17419K, committed 17536K, reserved 1048576K
}
Event: 8977.347 GC heap before
{Heap before GC invocations=115 (full 0):
 garbage-first heap   total 414720K, used 299008K [0x0000000080000000, 0x0000000100000000)
  region size 1024K, 82 young (83968K), 11 survivors (11264K)
 Metaspace       used 129094K, capacity 133044K, committed 133248K, reserved 1165312K
  class space    used 16106K, capacity 17481K, committed 17536K, reserved 1048576K
}
Event: 8977.376 GC heap after
{Heap after GC invocations=116 (full 0):
 garbage-first heap   total 414720K, used 233155K [0x0000000080000000, 0x0000000100000000)
  region size 1024K, 6 young (6144K), 6 survivors (6144K)
 Metaspace       used 129094K, capacity 133044K, committed 133248K, reserved 1165312K
  class space    used 16106K, capacity 17481K, committed 17536K, reserved 1048576K
}
Event: 8977.450 GC heap before
{Heap before GC invocations=116 (full 0):
 garbage-first heap   total 414720K, used 246467K [0x0000000080000000, 0x0000000100000000)
  region size 1024K, 20 young (20480K), 6 survivors (6144K)
 Metaspace       used 129260K, capacity 133239K, committed 133504K, reserved 1165312K
  class space    used 16127K, capacity 17482K, committed 17536K, reserved 1048576K
}

