# JRE version: OpenJDK Runtime Environment (11.0.10) (build 11.0.10+0-b96-7249189)
# Java VM: OpenJDK 64-Bit Server VM (11.0.10+0-b96-7249189, mixed mode, tiered, compressed oops, g1 gc, windows-amd64)
Heap:
 garbage-first heap   total 417792K, used 191417K [0x0000000080000000, 0x0000000100000000)
  region size 1024K, 1 young (1024K), 1 survivors (1024K)
 Metaspace       used 96220K, capacity 98715K, committed 98892K, reserved 1134592K
  class space    used 12641K, capacity 13590K, committed 13644K, reserved 1048576K
GC Heap History (20 events):
Event: 15.490 GC heap after
{Heap after GC invocations=22 (full 0):
 garbage-first heap   total 189440K, used 118713K [0x0000000080000000, 0x0000000100000000)
  region size 1024K, 9 young (9216K), 9 survivors (9216K)
 Metaspace       used 88439K, capacity 90646K, committed 91468K, reserved 1128448K
  class space    used 11480K, capacity 12288K, committed 12620K, reserved 1048576K
}
Event: 15.882 GC heap before
{Heap before GC invocations=23 (full 0):
 garbage-first heap   total 189440K, used 151481K [0x0000000080000000, 0x0000000100000000)
  region size 1024K, 40 young (40960K), 9 survivors (9216K)
 Metaspace       used 90699K, capacity 92975K, committed 93644K, reserved 1130496K
  class space    used 11960K, capacity 12791K, committed 13004K, reserved 1048576K
}
Event: 15.910 GC heap after
{Heap after GC invocations=24 (full 0):
 garbage-first heap   total 247808K, used 132944K [0x0000000080000000, 0x0000000100000000)
  region size 1024K, 5 young (5120K), 5 survivors (5120K)
 Metaspace       used 90699K, capacity 92975K, committed 93644K, reserved 1130496K
  class space    used 11960K, capacity 12791K, committed 13004K, reserved 1048576K
}
Event: 16.081 GC heap before
{Heap before GC invocations=24 (full 0):
 garbage-first heap   total 247808K, used 180048K [0x0000000080000000, 0x0000000100000000)
  region size 1024K, 52 young (53248K), 5 survivors (5120K)
 Metaspace       used 90737K, capacity 93043K, committed 93644K, reserved 1130496K
  class space    used 11960K, capacity 12791K, committed 13004K, reserved 1048576K
}
Event: 16.124 GC heap after
{Heap after GC invocations=25 (full 0):
 garbage-first heap   total 247808K, used 158033K [0x0000000080000000, 0x0000000100000000)
  region size 1024K, 7 young (7168K), 7 survivors (7168K)
 Metaspace       used 90737K, capacity 93043K, committed 93644K, reserved 1130496K
  class space    used 11960K, capacity 12791K, committed 13004K, reserved 1048576K
}
Event: 16.593 GC heap before
{Heap before GC invocations=26 (full 0):
 garbage-first heap   total 247808K, used 190801K [0x0000000080000000, 0x0000000100000000)
  region size 1024K, 39 young (39936K), 7 survivors (7168K)
 Metaspace       used 92491K, capacity 94816K, committed 95436K, reserved 1132544K
  class space    used 12214K, capacity 13058K, committed 13260K, reserved 1048576K
}
Event: 16.614 GC heap after
{Heap after GC invocations=27 (full 0):
 garbage-first heap   total 247808K, used 170972K [0x0000000080000000, 0x0000000100000000)
  region size 1024K, 5 young (5120K), 5 survivors (5120K)
 Metaspace       used 92491K, capacity 94816K, committed 95436K, reserved 1132544K
  class space    used 12214K, capacity 13058K, committed 13260K, reserved 1048576K
}
Event: 16.944 GC heap before
{Heap before GC invocations=27 (full 0):
 garbage-first heap   total 247808K, used 196572K [0x0000000080000000, 0x0000000100000000)
  region size 1024K, 31 young (31744K), 5 survivors (5120K)
 Metaspace       used 93071K, capacity 95514K, committed 95692K, reserved 1132544K
  class space    used 12311K, capacity 13205K, committed 13260K, reserved 1048576K
}
Event: 16.960 GC heap after
{Heap after GC invocations=28 (full 0):
 garbage-first heap   total 247808K, used 176680K [0x0000000080000000, 0x0000000100000000)
  region size 1024K, 4 young (4096K), 4 survivors (4096K)
 Metaspace       used 93071K, capacity 95514K, committed 95692K, reserved 1132544K
  class space    used 12311K, capacity 13205K, committed 13260K, reserved 1048576K
}
Event: 17.260 GC heap before
{Heap before GC invocations=28 (full 0):
 garbage-first heap   total 247808K, used 201256K [0x0000000080000000, 0x0000000100000000)
  region size 1024K, 29 young (29696K), 4 survivors (4096K)
 Metaspace       used 93502K, capacity 96041K, committed 96332K, reserved 1132544K
  class space    used 12367K, capacity 13272K, committed 13388K, reserved 1048576K
}
Event: 17.270 GC heap after
{Heap after GC invocations=29 (full 0):
 garbage-first heap   total 328704K, used 178729K [0x0000000080000000, 0x0000000100000000)
  region size 1024K, 3 young (3072K), 3 survivors (3072K)
 Metaspace       used 93502K, capacity 96041K, committed 96332K, reserved 1132544K
  class space    used 12367K, capacity 13272K, committed 13388K, reserved 1048576K
}
Event: 17.698 GC heap before
{Heap before GC invocations=30 (full 0):
 garbage-first heap   total 328704K, used 223785K [0x0000000080000000, 0x0000000100000000)
  region size 1024K, 53 young (54272K), 3 survivors (3072K)
 Metaspace       used 94336K, capacity 96815K, committed 97100K, reserved 1132544K
  class space    used 12441K, capacity 13346K, committed 13388K, reserved 1048576K
}
Event: 17.716 GC heap after
{Heap after GC invocations=31 (full 0):
 garbage-first heap   total 328704K, used 180224K [0x0000000080000000, 0x0000000100000000)
  region size 1024K, 7 young (7168K), 7 survivors (7168K)
 Metaspace       used 94336K, capacity 96815K, committed 97100K, reserved 1132544K
  class space    used 12441K, capacity 13346K, committed 13388K, reserved 1048576K
}
Event: 17.767 GC heap before
{Heap before GC invocations=31 (full 0):
 garbage-first heap   total 328704K, used 189440K [0x0000000080000000, 0x0000000100000000)
  region size 1024K, 16 young (16384K), 7 survivors (7168K)
 Metaspace       used 94399K, capacity 96879K, committed 97100K, reserved 1132544K
  class space    used 12442K, capacity 13346K, committed 13388K, reserved 1048576K
}
Event: 17.783 GC heap after
{Heap after GC invocations=32 (full 0):
 garbage-first heap   total 328704K, used 178779K [0x0000000080000000, 0x0000000100000000)
  region size 1024K, 2 young (2048K), 2 survivors (2048K)
 Metaspace       used 94399K, capacity 96879K, committed 97100K, reserved 1132544K
  class space    used 12442K, capacity 13346K, committed 13388K, reserved 1048576K
}
Event: 18.100 GC heap before
{Heap before GC invocations=32 (full 0):
 garbage-first heap   total 328704K, used 232027K [0x0000000080000000, 0x0000000100000000)
  region size 1024K, 55 young (56320K), 2 survivors (2048K)
 Metaspace       used 94799K, capacity 97227K, committed 97484K, reserved 1132544K
  class space    used 12495K, capacity 13398K, committed 13516K, reserved 1048576K
}
Event: 18.117 GC heap after
{Heap after GC invocations=33 (full 0):
 garbage-first heap   total 328704K, used 182406K [0x0000000080000000, 0x0000000100000000)
  region size 1024K, 5 young (5120K), 5 survivors (5120K)
 Metaspace       used 94799K, capacity 97227K, committed 97484K, reserved 1132544K
  class space    used 12495K, capacity 13398K, committed 13516K, reserved 1048576K
}
Event: 18.808 GC heap before
{Heap before GC invocations=34 (full 0):
 garbage-first heap   total 328704K, used 247942K [0x0000000080000000, 0x0000000100000000)
  region size 1024K, 61 young (62464K), 5 survivors (5120K)
 Metaspace       used 96149K, capacity 98698K, committed 98892K, reserved 1134592K
  class space    used 12638K, capacity 13586K, committed 13644K, reserved 1048576K
}
Event: 18.828 GC heap after
{Heap after GC invocations=35 (full 0):
 garbage-first heap   total 328704K, used 195086K [0x0000000080000000, 0x0000000100000000)
  region size 1024K, 6 young (6144K), 6 survivors (6144K)
 Metaspace       used 96149K, capacity 98698K, committed 98892K, reserved 1134592K
  class space    used 12638K, capacity 13586K, committed 13644K, reserved 1048576K
}
Event: 18.948 GC heap before
{Heap before GC invocations=35 (full 0):
 garbage-first heap   total 328704K, used 204302K [0x0000000080000000, 0x0000000100000000)
  region size 1024K, 16 young (16384K), 6 survivors (6144K)
 Metaspace       used 96220K, capacity 98715K, committed 98892K, reserved 1134592K
  class space    used 12641K, capacity 13590K, committed 13644K, reserved 1048576K
}

