# JRE version: OpenJDK Runtime Environment (11.0.10) (build 11.0.10+0-b96-7249189)
# Java VM: OpenJDK 64-Bit Server VM (11.0.10+0-b96-7249189, mixed mode, tiered, compressed oops, g1 gc, windows-amd64)
Heap:
 garbage-first heap   total 406528K, used 193822K [0x0000000080000000, 0x0000000100000000)
  region size 1024K, 5 young (5120K), 5 survivors (5120K)
 Metaspace       used 104546K, capacity 107461K, committed 108544K, reserved 1142784K
  class space    used 13613K, capacity 14691K, committed 15180K, reserved 1048576K
GC Heap History (20 events):
Event: 17.474 GC heap after
{Heap after GC invocations=26 (full 0):
 garbage-first heap   total 189440K, used 100496K [0x0000000080000000, 0x0000000100000000)
  region size 1024K, 9 young (9216K), 9 survivors (9216K)
 Metaspace       used 94692K, capacity 97106K, committed 97664K, reserved 1134592K
  class space    used 12213K, capacity 13090K, committed 13260K, reserved 1048576K
}
Event: 17.780 GC heap before
{Heap before GC invocations=27 (full 0):
 garbage-first heap   total 189440K, used 156816K [0x0000000080000000, 0x0000000100000000)
  region size 1024K, 55 young (56320K), 9 survivors (9216K)
 Metaspace       used 96889K, capacity 99483K, committed 99712K, reserved 1136640K
  class space    used 12534K, capacity 13466K, committed 13516K, reserved 1048576K
}
Event: 17.801 GC heap after
{Heap after GC invocations=28 (full 0):
 garbage-first heap   total 189440K, used 122132K [0x0000000080000000, 0x0000000100000000)
  region size 1024K, 7 young (7168K), 7 survivors (7168K)
 Metaspace       used 96889K, capacity 99483K, committed 99712K, reserved 1136640K
  class space    used 12534K, capacity 13466K, committed 13516K, reserved 1048576K
}
Event: 17.940 GC heap before
{Heap before GC invocations=28 (full 0):
 garbage-first heap   total 189440K, used 147732K [0x0000000080000000, 0x0000000100000000)
  region size 1024K, 34 young (34816K), 7 survivors (7168K)
 Metaspace       used 98672K, capacity 101586K, committed 101760K, reserved 1136640K
  class space    used 12888K, capacity 14005K, committed 14028K, reserved 1048576K
}
Event: 17.962 GC heap after
{Heap after GC invocations=29 (full 0):
 garbage-first heap   total 227328K, used 130012K [0x0000000080000000, 0x0000000100000000)
  region size 1024K, 5 young (5120K), 5 survivors (5120K)
 Metaspace       used 98672K, capacity 101586K, committed 101760K, reserved 1136640K
  class space    used 12888K, capacity 14005K, committed 14028K, reserved 1048576K
}
Event: 18.400 GC heap before
{Heap before GC invocations=30 (full 0):
 garbage-first heap   total 227328K, used 170972K [0x0000000080000000, 0x0000000100000000)
  region size 1024K, 44 young (45056K), 5 survivors (5120K)
 Metaspace       used 102547K, capacity 105587K, committed 105984K, reserved 1140736K
  class space    used 13591K, capacity 14784K, committed 14924K, reserved 1048576K
}
Event: 18.424 GC heap after
{Heap after GC invocations=31 (full 0):
 garbage-first heap   total 227328K, used 143874K [0x0000000080000000, 0x0000000100000000)
  region size 1024K, 6 young (6144K), 6 survivors (6144K)
 Metaspace       used 102547K, capacity 105587K, committed 105984K, reserved 1140736K
  class space    used 13591K, capacity 14784K, committed 14924K, reserved 1048576K
}
Event: 18.652 GC heap before
{Heap before GC invocations=31 (full 0):
 garbage-first heap   total 227328K, used 176642K [0x0000000080000000, 0x0000000100000000)
  region size 1024K, 39 young (39936K), 6 survivors (6144K)
 Metaspace       used 103167K, capacity 106213K, committed 106496K, reserved 1140736K
  class space    used 13655K, capacity 14842K, committed 14924K, reserved 1048576K
}
Event: 18.672 GC heap after
{Heap after GC invocations=32 (full 0):
 garbage-first heap   total 227328K, used 157353K [0x0000000080000000, 0x0000000100000000)
  region size 1024K, 5 young (5120K), 5 survivors (5120K)
 Metaspace       used 103167K, capacity 106213K, committed 106496K, reserved 1140736K
  class space    used 13655K, capacity 14842K, committed 14924K, reserved 1048576K
}
Event: 18.817 GC heap before
{Heap before GC invocations=32 (full 0):
 garbage-first heap   total 227328K, used 181929K [0x0000000080000000, 0x0000000100000000)
  region size 1024K, 30 young (30720K), 5 survivors (5120K)
 Metaspace       used 103983K, capacity 107168K, committed 107392K, reserved 1142784K
  class space    used 13785K, capacity 15033K, committed 15052K, reserved 1048576K
}
Event: 18.834 GC heap after
{Heap after GC invocations=33 (full 0):
 garbage-first heap   total 227328K, used 168846K [0x0000000080000000, 0x0000000100000000)
  region size 1024K, 4 young (4096K), 4 survivors (4096K)
 Metaspace       used 103983K, capacity 107168K, committed 107392K, reserved 1142784K
  class space    used 13785K, capacity 15033K, committed 15052K, reserved 1048576K
}
Event: 18.992 GC heap before
{Heap before GC invocations=33 (full 0):
 garbage-first heap   total 227328K, used 186254K [0x0000000080000000, 0x0000000100000000)
  region size 1024K, 22 young (22528K), 4 survivors (4096K)
 Metaspace       used 103466K, capacity 106311K, committed 107392K, reserved 1142784K
  class space    used 13578K, capacity 14644K, committed 15052K, reserved 1048576K
}
Event: 19.007 GC heap after
{Heap after GC invocations=34 (full 0):
 garbage-first heap   total 277504K, used 175640K [0x0000000080000000, 0x0000000100000000)
  region size 1024K, 3 young (3072K), 3 survivors (3072K)
 Metaspace       used 103466K, capacity 106311K, committed 107392K, reserved 1142784K
  class space    used 13578K, capacity 14644K, committed 15052K, reserved 1048576K
}
Event: 19.235 GC heap before
{Heap before GC invocations=35 (full 0):
 garbage-first heap   total 277504K, used 211480K [0x0000000080000000, 0x0000000100000000)
  region size 1024K, 39 young (39936K), 3 survivors (3072K)
 Metaspace       used 103552K, capacity 106388K, committed 107392K, reserved 1142784K
  class space    used 13584K, capacity 14647K, committed 15052K, reserved 1048576K
}
Event: 19.254 GC heap after
{Heap after GC invocations=36 (full 0):
 garbage-first heap   total 277504K, used 189179K [0x0000000080000000, 0x0000000100000000)
  region size 1024K, 5 young (5120K), 5 survivors (5120K)
 Metaspace       used 103552K, capacity 106388K, committed 107392K, reserved 1142784K
  class space    used 13584K, capacity 14647K, committed 15052K, reserved 1048576K
}
Event: 19.445 GC heap before
{Heap before GC invocations=36 (full 0):
 garbage-first heap   total 277504K, used 218875K [0x0000000080000000, 0x0000000100000000)
  region size 1024K, 35 young (35840K), 5 survivors (5120K)
 Metaspace       used 103705K, capacity 106570K, committed 107776K, reserved 1142784K
  class space    used 13589K, capacity 14681K, committed 15180K, reserved 1048576K
}
Event: 19.462 GC heap after
{Heap after GC invocations=37 (full 0):
 garbage-first heap   total 277504K, used 195555K [0x0000000080000000, 0x0000000100000000)
  region size 1024K, 5 young (5120K), 5 survivors (5120K)
 Metaspace       used 103705K, capacity 106570K, committed 107776K, reserved 1142784K
  class space    used 13589K, capacity 14681K, committed 15180K, reserved 1048576K
}
Event: 19.953 GC heap before
{Heap before GC invocations=37 (full 0):
 garbage-first heap   total 277504K, used 217059K [0x0000000080000000, 0x0000000100000000)
  region size 1024K, 33 young (33792K), 5 survivors (5120K)
 Metaspace       used 104356K, capacity 107198K, committed 108288K, reserved 1142784K
  class space    used 13595K, capacity 14678K, committed 15180K, reserved 1048576K
}
Event: 19.967 GC heap after
{Heap after GC invocations=38 (full 0):
 garbage-first heap   total 277504K, used 191995K [0x0000000080000000, 0x0000000100000000)
  region size 1024K, 4 young (4096K), 4 survivors (4096K)
 Metaspace       used 104356K, capacity 107198K, committed 108288K, reserved 1142784K
  class space    used 13595K, capacity 14678K, committed 15180K, reserved 1048576K
}
Event: 20.159 GC heap before
{Heap before GC invocations=39 (full 0):
 garbage-first heap   total 277504K, used 224763K [0x0000000080000000, 0x0000000100000000)
  region size 1024K, 36 young (36864K), 4 survivors (4096K)
 Metaspace       used 104546K, capacity 107461K, committed 108544K, reserved 1142784K
  class space    used 13613K, capacity 14691K, committed 15180K, reserved 1048576K
}

